

*******************************************************************************
Wed Nov  1 11:12:11 2023


FIT:    data read from 'data1.dat' u 1:2
        format = x:z
        #datapoints = 20
        residuals are weighted equally (unit weight)

function used for fitting: f(x)
	f(x) = mx+c
fitted parameters initialized with current variable values



*******************************************************************************
Wed Nov  1 11:12:37 2023


FIT:    data read from 'data1.dat' u 1:2
        format = x:z
        #datapoints = 20
        residuals are weighted equally (unit weight)

function used for fitting: f(x)
	f(x) = m(x)+c
fitted parameters initialized with current variable values



*******************************************************************************
Wed Nov  1 11:12:55 2023


FIT:    data read from 'data1.dat' u 1:2
        format = x:z
        #datapoints = 20
        residuals are weighted equally (unit weight)

function used for fitting: f(x)
	f(x) = m*(x)+c
fitted parameters initialized with current variable values

iter      chisq       delta/lim  lambda   m             c            
   0 3.8915800000e+01   0.00e+00  1.06e+00    1.000000e+00   1.000000e+00
   3 1.5275789474e-02  -4.59e-02  1.06e-03    2.452632e-01   3.920000e-01

After 3 iterations the fit converged.
final sum of squares of residuals : 0.0152758
rel. change during last iteration : -4.59279e-07

degrees of freedom    (FIT_NDF)                        : 18
rms of residuals      (FIT_STDFIT) = sqrt(WSSR/ndf)    : 0.0291317
variance of residuals (reduced chisquare) = WSSR/ndf   : 0.000848655

Final set of parameters            Asymptotic Standard Error
=======================            ==========================
m               = 0.245263         +/- 0.0113       (4.606%)
c               = 0.392            +/- 0.01255      (3.203%)

correlation matrix of the fit parameters:
                m      c      
m               1.000 
c              -0.855  1.000 


*******************************************************************************
Wed Nov  1 11:29:46 2023


FIT:    data read from 'data2.dat' u 1:2
        format = x:z
        #datapoints = 40
        residuals are weighted equally (unit weight)

function used for fitting: g(x)
	g(x) = x**a / (b + x**c)
fitted parameters initialized with current variable values

iter      chisq       delta/lim  lambda   a             b             c            
   0 1.4878878454e+01   0.00e+00  6.09e-01    1.000000e+00   1.000000e+00   3.920000e-01
   6 2.6145230865e-02  -1.38e-01  6.09e-07    2.004406e+00   4.033055e-01   2.974225e+00

After 6 iterations the fit converged.
final sum of squares of residuals : 0.0261452
rel. change during last iteration : -1.37774e-06

degrees of freedom    (FIT_NDF)                        : 37
rms of residuals      (FIT_STDFIT) = sqrt(WSSR/ndf)    : 0.0265825
variance of residuals (reduced chisquare) = WSSR/ndf   : 0.000706628

Final set of parameters            Asymptotic Standard Error
=======================            ==========================
a               = 2.00441          +/- 0.07988      (3.985%)
b               = 0.403305         +/- 0.01868      (4.632%)
c               = 2.97423          +/- 0.08593      (2.889%)

correlation matrix of the fit parameters:
                a      b      c      
a               1.000 
b              -0.766  1.000 
c               0.984 -0.754  1.000 


*******************************************************************************
Wed Nov  1 11:33:38 2023


FIT:    data read from 'data3.dat' u 1:2
        format = x:z
        #datapoints = 25
        residuals are weighted equally (unit weight)

function used for fitting: f(x)
	f(x) = m*(x)+c
fitted parameters initialized with current variable values

iter      chisq       delta/lim  lambda   m             c            
   0 2.9326004233e+01   0.00e+00  2.14e+00    2.452632e-01   2.974225e+00
   4 2.0921419466e+00  -1.79e-05  2.14e-04   -6.485652e-01   4.529690e+00

After 4 iterations the fit converged.
final sum of squares of residuals : 2.09214
rel. change during last iteration : -1.78507e-10

degrees of freedom    (FIT_NDF)                        : 23
rms of residuals      (FIT_STDFIT) = sqrt(WSSR/ndf)    : 0.3016
variance of residuals (reduced chisquare) = WSSR/ndf   : 0.0909627

Final set of parameters            Asymptotic Standard Error
=======================            ==========================
m               = -0.648565        +/- 0.05228      (8.061%)
c               = 4.52969          +/- 0.1171       (2.585%)

correlation matrix of the fit parameters:
                m      c      
m               1.000 
c              -0.857  1.000 


*******************************************************************************
Wed Nov  1 11:38:56 2023


FIT:    data read from 'data3.dat' u 1:2
        format = x:z
        #datapoints = 25
        residuals are weighted equally (unit weight)

function used for fitting: j(x)
	j(x) = (a - b*(x**2))**(0.5)
fitted parameters initialized with current variable values

iter      chisq       delta/lim  lambda   a             b            
   0 1.7929304010e+02   0.00e+00  6.22e-01    2.004406e+00   4.033055e-01
   8 2.4748853029e-02  -1.62e-03  6.22e-09    1.651927e+01   1.014232e+00

After 8 iterations the fit converged.
final sum of squares of residuals : 0.0247489
rel. change during last iteration : -1.62497e-08

degrees of freedom    (FIT_NDF)                        : 23
rms of residuals      (FIT_STDFIT) = sqrt(WSSR/ndf)    : 0.032803
variance of residuals (reduced chisquare) = WSSR/ndf   : 0.00107604

Final set of parameters            Asymptotic Standard Error
=======================            ==========================
a               = 16.5193          +/- 0.07026      (0.4253%)
b               = 1.01423          +/- 0.006949     (0.6851%)

correlation matrix of the fit parameters:
                a      b      
a               1.000 
b               0.853  1.000 


*******************************************************************************
Wed Nov  1 11:43:08 2023


FIT:    data read from 'data4.dat' u 1:2
        format = x:z
        #datapoints = 25
        residuals are weighted equally (unit weight)

function used for fitting: k(x)
	k(x) = a**(-b*x)
fitted parameters initialized with current variable values

iter      chisq       delta/lim  lambda   a             b            
   0 2.2040947752e+00   0.00e+00  1.11e-01    1.651927e+01   1.014232e+00
   7 4.1062942751e-02  -5.23e-05  1.11e+00    1.149612e+01   2.770374e-01

After 7 iterations the fit converged.
final sum of squares of residuals : 0.0410629
rel. change during last iteration : -5.22898e-10

degrees of freedom    (FIT_NDF)                        : 23
rms of residuals      (FIT_STDFIT) = sqrt(WSSR/ndf)    : 0.0422533
variance of residuals (reduced chisquare) = WSSR/ndf   : 0.00178535

Final set of parameters            Asymptotic Standard Error
=======================            ==========================
a               = 11.4961          +/- 4610         (4.01e+04%)
b               = 0.277037         +/- 45.49        (1.642e+04%)

correlation matrix of the fit parameters:
                a      b      
a               1.000 
b              -1.000  1.000 


*******************************************************************************
Wed Nov  1 11:45:40 2023


FIT:    data read from 'data4.dat' u 1:log(2)
        format = x:z
        #datapoints = 25
        residuals are weighted equally (unit weight)

function used for fitting: f(x)
	f(x) = m*(x)+c
fitted parameters initialized with current variable values

iter      chisq       delta/lim  lambda   m             c            
   0 3.4828245642e+03   0.00e+00  3.36e+00   -6.485652e-01   4.529690e+00
  19 3.9443045261e-30  -6.46e-06  3.36e-04    6.250000e+00   8.800177e-27

After 19 iterations the fit converged.
final sum of squares of residuals : 3.9443e-30
rel. change during last iteration : -6.45697e-11

degrees of freedom    (FIT_NDF)                        : 23
rms of residuals      (FIT_STDFIT) = sqrt(WSSR/ndf)    : 4.14115e-16
variance of residuals (reduced chisquare) = WSSR/ndf   : 1.71492e-31

Final set of parameters            Asymptotic Standard Error
=======================            ==========================
m               = 6.25             +/- 3.697e-17    (5.916e-16%)
c               = 8.80018e-27      +/- 4.141e-16    (4.706e+12%)

correlation matrix of the fit parameters:
                m      c      
m               1.000 
c               0.000  1.000 


*******************************************************************************
Wed Nov  1 11:50:15 2023


FIT:    data read from 'data3.dat' u 1:($2)**2
        format = x:z
        #datapoints = 25
        residuals are weighted equally (unit weight)

function used for fitting: f(x)
	f(x) = m*(x)+c
fitted parameters initialized with current variable values

iter      chisq       delta/lim  lambda   m             c            
   0 3.4750515943e+03   0.00e+00  9.90e+00    6.250000e+00   8.800177e-27
   3 2.4113214963e+03  -6.78e-07  9.90e-03    3.337958e+00   8.800177e-27

After 3 iterations the fit converged.
final sum of squares of residuals : 2411.32
rel. change during last iteration : -6.78145e-12

degrees of freedom    (FIT_NDF)                        : 23
rms of residuals      (FIT_STDFIT) = sqrt(WSSR/ndf)    : 10.2391
variance of residuals (reduced chisquare) = WSSR/ndf   : 104.84

Final set of parameters            Asymptotic Standard Error
=======================            ==========================
m               = 3.33796          +/- 0.9142       (27.39%)
c               = 8.80018e-27      +/- 10.24        (1.164e+29%)

correlation matrix of the fit parameters:
                m      c      
m               1.000 
c               0.000  1.000 


*******************************************************************************
Wed Nov  1 18:39:13 2023


FIT:    data read from 'data3.dat' u ($1)**2:($2)**2
        format = x:z
        #datapoints = 25
        residuals are weighted equally (unit weight)

function used for fitting: f(x)
	f(x) = a**x+b
fitted parameters initialized with current variable values

iter      chisq       delta/lim  lambda   a             b            
   0 2.7658476432e+03   0.00e+00  4.88e+00    1.000000e+00   1.000000e+00
 162 4.7063666983e+02  -9.94e-01  4.88e+00    7.632533e-01   1.108054e+01

After 162 iterations the fit converged.
final sum of squares of residuals : 470.637
rel. change during last iteration : -9.94449e-06

degrees of freedom    (FIT_NDF)                        : 23
rms of residuals      (FIT_STDFIT) = sqrt(WSSR/ndf)    : 4.52355
variance of residuals (reduced chisquare) = WSSR/ndf   : 20.4625

Final set of parameters            Asymptotic Standard Error
=======================            ==========================
a               = 0.763253         +/- 1.555        (203.8%)
b               = 11.0805          +/- 1.791        (16.17%)

correlation matrix of the fit parameters:
                a      b      
a               1.000 
b              -0.863  1.000 


*******************************************************************************
Wed Nov  1 18:40:41 2023


FIT:    data read from 'data3.dat' u 1:($2)**2
        format = x:z
        #datapoints = 25
        residuals are weighted equally (unit weight)

function used for fitting: f(x)
	f(x) = a**x+b
fitted parameters initialized with current variable values

iter      chisq       delta/lim  lambda   a             b            
   0 5.0342786019e+02   0.00e+00  7.87e+00    7.632533e-01   1.108054e+01
   5 4.9133257141e+02  -2.32e-01  7.87e-01    5.282492e-01   1.105117e+01

After 5 iterations the fit converged.
final sum of squares of residuals : 491.333
rel. change during last iteration : -2.31674e-06

degrees of freedom    (FIT_NDF)                        : 23
rms of residuals      (FIT_STDFIT) = sqrt(WSSR/ndf)    : 4.62194
variance of residuals (reduced chisquare) = WSSR/ndf   : 21.3623

Final set of parameters            Asymptotic Standard Error
=======================            ==========================
a               = 0.528249         +/- 3.501        (662.8%)
b               = 11.0512          +/- 3.043        (27.54%)

correlation matrix of the fit parameters:
                a      b      
a               1.000 
b              -0.953  1.000 


*******************************************************************************
Wed Nov  1 18:41:42 2023


FIT:    data read from 'data3.dat' u (($1)**2):(($2)**2)
        format = x:z
        #datapoints = 25
        residuals are weighted equally (unit weight)

function used for fitting: f(x)
	f(x) = a**x+b
fitted parameters initialized with current variable values

iter      chisq       delta/lim  lambda   a             b            
   0 4.8052533769e+02   0.00e+00  7.82e+00    5.282492e-01   1.105117e+01
   4 4.7042904039e+02  -8.82e-01  7.82e-01    7.611129e-01   1.098934e+01

After 4 iterations the fit converged.
final sum of squares of residuals : 470.429
rel. change during last iteration : -8.82494e-06

degrees of freedom    (FIT_NDF)                        : 23
rms of residuals      (FIT_STDFIT) = sqrt(WSSR/ndf)    : 4.52255
variance of residuals (reduced chisquare) = WSSR/ndf   : 20.4534

Final set of parameters            Asymptotic Standard Error
=======================            ==========================
a               = 0.761113         +/- 1.565        (205.6%)
b               = 10.9893          +/- 1.785        (16.24%)

correlation matrix of the fit parameters:
                a      b      
a               1.000 
b              -0.862  1.000 


*******************************************************************************
Wed Nov  1 18:42:06 2023


FIT:    data read from 'data3.dat' u 1:2
        format = x:z
        #datapoints = 25
        residuals are weighted equally (unit weight)

function used for fitting: f(x)
	f(x) = a**x+b
fitted parameters initialized with current variable values

iter      chisq       delta/lim  lambda   a             b            
   0 1.7435886298e+03   0.00e+00  7.81e+00    7.611129e-01   1.098934e+01
  15 9.3488166773e+00  -8.75e-01  7.81e-01    5.881606e-01   2.851917e+00

After 15 iterations the fit converged.
final sum of squares of residuals : 9.34882
rel. change during last iteration : -8.74726e-06

degrees of freedom    (FIT_NDF)                        : 23
rms of residuals      (FIT_STDFIT) = sqrt(WSSR/ndf)    : 0.63755
variance of residuals (reduced chisquare) = WSSR/ndf   : 0.40647

Final set of parameters            Asymptotic Standard Error
=======================            ==========================
a               = 0.588161         +/- 0.4305       (73.19%)
b               = 2.85192          +/- 0.4194       (14.71%)

correlation matrix of the fit parameters:
                a      b      
a               1.000 
b              -0.953  1.000 


*******************************************************************************
Wed Nov  1 18:43:54 2023


FIT:    data read from 'data3.dat' u (($1)**2):(($2)**2)
        format = x:z
        #datapoints = 25
        residuals are weighted equally (unit weight)

function used for fitting: f(x)
	f(x) = m*x + c
fitted parameters initialized with current variable values

iter      chisq       delta/lim  lambda   m             c            
   0 2.8675613236e+03   0.00e+00  4.86e+00    1.000000e+00   1.000000e+00
   4 1.3317424445e+00  -1.77e-03  4.86e-04   -1.013986e+00   1.651899e+01

After 4 iterations the fit converged.
final sum of squares of residuals : 1.33174
rel. change during last iteration : -1.76538e-08

degrees of freedom    (FIT_NDF)                        : 23
rms of residuals      (FIT_STDFIT) = sqrt(WSSR/ndf)    : 0.240628
variance of residuals (reduced chisquare) = WSSR/ndf   : 0.0579018

Final set of parameters            Asymptotic Standard Error
=======================            ==========================
m               = -1.01399         +/- 0.01049      (1.035%)
c               = 16.519           +/- 0.07133      (0.4318%)

correlation matrix of the fit parameters:
                m      c      
m               1.000 
c              -0.738  1.000 
